#-----------------------------------------------------------
# Vivado v2021.1 (64-bit)
# SW Build 3247384 on Thu Jun 10 19:36:33 MDT 2021
# IP Build 3246043 on Fri Jun 11 00:30:35 MDT 2021
# Start of session at: Sun Aug  8 11:01:09 2021
# Process ID: 29464
# Current directory: C:/Users/uxli/Documents/GitHub/Xu.Test/dmac_ip
# Command line: vivado.exe -gui_launcher_event rodinguilauncherevent44500 C:\Users\uxli\Documents\GitHub\Xu.Test\dmac_ip\dmac_ip.xpr
# Log file: C:/Users/uxli/Documents/GitHub/Xu.Test/dmac_ip/vivado.log
# Journal file: C:/Users/uxli/Documents/GitHub/Xu.Test/dmac_ip\vivado.jou
#-----------------------------------------------------------
start_gui
open_project C:/Users/uxli/Documents/GitHub/Xu.Test/dmac_ip/dmac_ip.xpr
Scanning sources...
Finished scanning sources
INFO: [IP_Flow 19-234] Refreshing IP repositories
INFO: [IP_Flow 19-1704] No user IP repositories specified
INFO: [IP_Flow 19-2313] Loaded Vivado IP repository 'C:/Xilinx/Vivado/2021.1/data/ip'.
open_project: Time (s): cpu = 00:00:17 ; elapsed = 00:00:10 . Memory (MB): peak = 1243.574 ; gain = 0.000
update_compile_order -fileset sources_1
exit
INFO: [Common 17-206] Exiting Vivado at Sun Aug  8 13:16:28 2021...
