#-----------------------------------------------------------
# Vivado v2021.1 (64-bit)
# SW Build 3247384 on Thu Jun 10 19:36:33 MDT 2021
# IP Build 3246043 on Fri Jun 11 00:30:35 MDT 2021
# Start of session at: Fri Aug  6 19:52:24 2021
# Process ID: 38780
# Current directory: c:/Users/uxli/Documents/Tidalloft/tungsten-grid/ip_project/m_axi_full_adapter_sim/axi_vip_0_ex
# Command line: vivado.exe -notrace -source c:/Users/uxli/Documents/Tidalloft/tungsten-grid/ip_project/m_axi_full_adapter/.Xil/axi_vip_0/tmp_axi_vip_0.gen/sources_1/ip/axi_vip_0/axi_vip_0_ex.tcl
# Log file: c:/Users/uxli/Documents/Tidalloft/tungsten-grid/ip_project/m_axi_full_adapter_sim/axi_vip_0_ex/vivado.log
# Journal file: c:/Users/uxli/Documents/Tidalloft/tungsten-grid/ip_project/m_axi_full_adapter_sim/axi_vip_0_ex\vivado.jou
#-----------------------------------------------------------
start_gui
source c:/Users/uxli/Documents/Tidalloft/tungsten-grid/ip_project/m_axi_full_adapter/.Xil/axi_vip_0/tmp_axi_vip_0.gen/sources_1/ip/axi_vip_0/axi_vip_0_ex.tcl -notrace
INFO: [open_example_project] Creating new example project...
INFO: [ProjectBase 1-489] The host OS only allows 260 characters in a normal path. The project is stored in a path with more than 80 characters. If you experience issues with IP, Block Designs, or files not being found, please consider moving the project to a location with a shorter path. Alternately consider using the OS subst command to map part of the path to a drive letter.
Current project path is 'c:/Users/uxli/Documents/Tidalloft/tungsten-grid/ip_project/m_axi_full_adapter_sim/axi_vip_0_ex'
INFO: [IP_Flow 19-234] Refreshing IP repositories
INFO: [IP_Flow 19-1704] No user IP repositories specified
INFO: [IP_Flow 19-2313] Loaded Vivado IP repository 'C:/Xilinx/Vivado/2021.1/data/ip'.
create_project: Time (s): cpu = 00:00:17 ; elapsed = 00:00:06 . Memory (MB): peak = 1248.371 ; gain = 0.000
INFO: [open_example_project] Loading IP Catalog...
INFO: [IP_Flow 19-234] Refreshing IP repositories
INFO: [IP_Flow 19-1700] Loaded user IP repository 'c:/Users/uxli/Documents/Tidalloft/tungsten-grid/ip_repo/m_axi_full_adapter'.
INFO: [open_example_project] Importing original IP ...
INFO: [open_example_project] Generating the example project IP ...
INFO: [IP_Flow 19-1686] Generating 'Instantiation Template' target for IP 'axi_vip_0'...
INFO: [IP_Flow 19-1686] Generating 'Synthesis' target for IP 'axi_vip_0'...
INFO: [IP_Flow 19-1686] Generating 'Simulation' target for IP 'axi_vip_0'...
INFO: [open_example_project] Adding example synthesis HDL files ...
INFO: [open_example_project] Adding simulation HDL files ...
INFO: [open_example_project] Sourcing example extension scripts ...
INFO: [open_example_project] Sourcing extension script: axi_vip_0_exdes_bd_sim.tcl
INFO: Currently there is no design <ex_sim> in project, so creating one...
Wrote  : <c:\Users\uxli\Documents\Tidalloft\tungsten-grid\ip_project\m_axi_full_adapter_sim\axi_vip_0_ex\axi_vip_0_ex.srcs\sources_1\bd\ex_sim\ex_sim.bd> 
INFO: Making design <ex_sim> as current_bd_design.
INFO: Currently the variable <design_name> is equal to "ex_sim".
WARNING: [BD 5-670] It is required to provide a frequency value for a user created input clock port. Please use the <-freq_hz $freq_val> argument of the create_bd_port command. ie create_bd_port -dir I -type clk -freq_hz 100000000 clkin
Wrote  : <c:\Users\uxli\Documents\Tidalloft\tungsten-grid\ip_project\m_axi_full_adapter_sim\axi_vip_0_ex\axi_vip_0_ex.srcs\sources_1\bd\ex_sim\ex_sim.bd> 
Wrote  : <c:/Users/uxli/Documents/Tidalloft/tungsten-grid/ip_project/m_axi_full_adapter_sim/axi_vip_0_ex/axi_vip_0_ex.srcs/sources_1/bd/ex_sim/ui/bd_c2e8f4ab.ui> 
Slave segment '/axi_vip_slv/S_AXI/Reg' is being assigned into address space '/axi_vip_mst/Master_AXI' at <0x44A0_0000 [ 64K ]>.
INFO: [open_example_project] Sourcing extension script: axi_vip_0_exdes.tcl
INFO: [open_example_project] Rebuilding all the top level IPs ...
Wrote  : <c:\Users\uxli\Documents\Tidalloft\tungsten-grid\ip_project\m_axi_full_adapter_sim\axi_vip_0_ex\axi_vip_0_ex.srcs\sources_1\bd\ex_sim\ex_sim.bd> 
VHDL Output written to : c:/Users/uxli/Documents/Tidalloft/tungsten-grid/ip_project/m_axi_full_adapter_sim/axi_vip_0_ex/axi_vip_0_ex.gen/sources_1/bd/ex_sim/synth/ex_sim.v
VHDL Output written to : c:/Users/uxli/Documents/Tidalloft/tungsten-grid/ip_project/m_axi_full_adapter_sim/axi_vip_0_ex/axi_vip_0_ex.gen/sources_1/bd/ex_sim/sim/ex_sim.v
VHDL Output written to : c:/Users/uxli/Documents/Tidalloft/tungsten-grid/ip_project/m_axi_full_adapter_sim/axi_vip_0_ex/axi_vip_0_ex.gen/sources_1/bd/ex_sim/hdl/ex_sim_wrapper.v
INFO: [BD 41-1029] Generation completed for the IP Integrator block axi_vip_mst .
INFO: [BD 41-1029] Generation completed for the IP Integrator block axi_vip_passthrough .
INFO: [BD 41-1029] Generation completed for the IP Integrator block axi_vip_slv .
Exporting to file c:/Users/uxli/Documents/Tidalloft/tungsten-grid/ip_project/m_axi_full_adapter_sim/axi_vip_0_ex/axi_vip_0_ex.gen/sources_1/bd/ex_sim/hw_handoff/ex_sim.hwh
Generated Block Design Tcl file c:/Users/uxli/Documents/Tidalloft/tungsten-grid/ip_project/m_axi_full_adapter_sim/axi_vip_0_ex/axi_vip_0_ex.gen/sources_1/bd/ex_sim/hw_handoff/ex_sim_bd.tcl
Generated Hardware Definition File c:/Users/uxli/Documents/Tidalloft/tungsten-grid/ip_project/m_axi_full_adapter_sim/axi_vip_0_ex/axi_vip_0_ex.gen/sources_1/bd/ex_sim/synth/ex_sim.hwdef
generate_target: Time (s): cpu = 00:00:08 ; elapsed = 00:00:08 . Memory (MB): peak = 1539.340 ; gain = 118.523
INFO: [SIM-utils-72] Using boost library from 'C:/Xilinx/Vivado/2021.1/tps/boost_1_72_0'
INFO: [exportsim-Tcl-35] Exporting simulation files for "XSIM" (Xilinx Vivado Simulator)...
INFO: [exportsim-Tcl-29] Script generated: 'C:/Users/uxli/Documents/Tidalloft/tungsten-grid/ip_project/m_axi_full_adapter_sim/axi_vip_0_ex/axi_vip_0_ex.ip_user_files/sim_scripts/ex_sim/xsim/ex_sim.sh'
INFO: [SIM-utils-43] Exported 'C:/Users/uxli/Documents/Tidalloft/tungsten-grid/ip_project/m_axi_full_adapter_sim/axi_vip_0_ex/axi_vip_0_ex.ip_user_files/sim_scripts/ex_sim/xsim/axi_vip.h'
INFO: [SIM-utils-43] Exported 'C:/Users/uxli/Documents/Tidalloft/tungsten-grid/ip_project/m_axi_full_adapter_sim/axi_vip_0_ex/axi_vip_0_ex.ip_user_files/sim_scripts/ex_sim/xsim/sim_ipc_aximm_master.h'
INFO: [SIM-utils-43] Exported 'C:/Users/uxli/Documents/Tidalloft/tungsten-grid/ip_project/m_axi_full_adapter_sim/axi_vip_0_ex/axi_vip_0_ex.ip_user_files/sim_scripts/ex_sim/xsim/sim_ipc_aximm_slave.h'
INFO: [SIM-utils-43] Exported 'C:/Users/uxli/Documents/Tidalloft/tungsten-grid/ip_project/m_axi_full_adapter_sim/axi_vip_0_ex/axi_vip_0_ex.ip_user_files/sim_scripts/ex_sim/xsim/ex_sim_axi_vip_mst_0_sc.h'
INFO: [SIM-utils-43] Exported 'C:/Users/uxli/Documents/Tidalloft/tungsten-grid/ip_project/m_axi_full_adapter_sim/axi_vip_0_ex/axi_vip_0_ex.ip_user_files/sim_scripts/ex_sim/xsim/ex_sim_axi_vip_mst_0.h'
INFO: [SIM-utils-43] Exported 'C:/Users/uxli/Documents/Tidalloft/tungsten-grid/ip_project/m_axi_full_adapter_sim/axi_vip_0_ex/axi_vip_0_ex.ip_user_files/sim_scripts/ex_sim/xsim/axi_vip.h'
INFO: [SIM-utils-43] Exported 'C:/Users/uxli/Documents/Tidalloft/tungsten-grid/ip_project/m_axi_full_adapter_sim/axi_vip_0_ex/axi_vip_0_ex.ip_user_files/sim_scripts/ex_sim/xsim/sim_ipc_aximm_master.h'
INFO: [SIM-utils-43] Exported 'C:/Users/uxli/Documents/Tidalloft/tungsten-grid/ip_project/m_axi_full_adapter_sim/axi_vip_0_ex/axi_vip_0_ex.ip_user_files/sim_scripts/ex_sim/xsim/sim_ipc_aximm_slave.h'
INFO: [SIM-utils-43] Exported 'C:/Users/uxli/Documents/Tidalloft/tungsten-grid/ip_project/m_axi_full_adapter_sim/axi_vip_0_ex/axi_vip_0_ex.ip_user_files/sim_scripts/ex_sim/xsim/ex_sim_axi_vip_passthrough_0_sc.h'
INFO: [SIM-utils-43] Exported 'C:/Users/uxli/Documents/Tidalloft/tungsten-grid/ip_project/m_axi_full_adapter_sim/axi_vip_0_ex/axi_vip_0_ex.ip_user_files/sim_scripts/ex_sim/xsim/ex_sim_axi_vip_passthrough_0.h'
INFO: [SIM-utils-43] Exported 'C:/Users/uxli/Documents/Tidalloft/tungsten-grid/ip_project/m_axi_full_adapter_sim/axi_vip_0_ex/axi_vip_0_ex.ip_user_files/sim_scripts/ex_sim/xsim/axi_vip.h'
INFO: [SIM-utils-43] Exported 'C:/Users/uxli/Documents/Tidalloft/tungsten-grid/ip_project/m_axi_full_adapter_sim/axi_vip_0_ex/axi_vip_0_ex.ip_user_files/sim_scripts/ex_sim/xsim/sim_ipc_aximm_master.h'
INFO: [SIM-utils-43] Exported 'C:/Users/uxli/Documents/Tidalloft/tungsten-grid/ip_project/m_axi_full_adapter_sim/axi_vip_0_ex/axi_vip_0_ex.ip_user_files/sim_scripts/ex_sim/xsim/sim_ipc_aximm_slave.h'
INFO: [SIM-utils-43] Exported 'C:/Users/uxli/Documents/Tidalloft/tungsten-grid/ip_project/m_axi_full_adapter_sim/axi_vip_0_ex/axi_vip_0_ex.ip_user_files/sim_scripts/ex_sim/xsim/ex_sim_axi_vip_slv_0_sc.h'
INFO: [SIM-utils-43] Exported 'C:/Users/uxli/Documents/Tidalloft/tungsten-grid/ip_project/m_axi_full_adapter_sim/axi_vip_0_ex/axi_vip_0_ex.ip_user_files/sim_scripts/ex_sim/xsim/ex_sim_axi_vip_slv_0.h'
INFO: [SIM-utils-43] Exported 'C:/Users/uxli/Documents/Tidalloft/tungsten-grid/ip_project/m_axi_full_adapter_sim/axi_vip_0_ex/axi_vip_0_ex.ip_user_files/sim_scripts/ex_sim/xsim/ex_sim.bda'
INFO: [exportsim-Tcl-35] Exporting simulation files for "MODELSIM" (Mentor Graphics ModelSim Simulator)...
INFO: [exportsim-Tcl-29] Script generated: 'C:/Users/uxli/Documents/Tidalloft/tungsten-grid/ip_project/m_axi_full_adapter_sim/axi_vip_0_ex/axi_vip_0_ex.ip_user_files/sim_scripts/ex_sim/modelsim/ex_sim.sh'
INFO: [SIM-utils-43] Exported 'C:/Users/uxli/Documents/Tidalloft/tungsten-grid/ip_project/m_axi_full_adapter_sim/axi_vip_0_ex/axi_vip_0_ex.ip_user_files/sim_scripts/ex_sim/modelsim/axi_vip.h'
INFO: [SIM-utils-43] Exported 'C:/Users/uxli/Documents/Tidalloft/tungsten-grid/ip_project/m_axi_full_adapter_sim/axi_vip_0_ex/axi_vip_0_ex.ip_user_files/sim_scripts/ex_sim/modelsim/sim_ipc_aximm_master.h'
INFO: [SIM-utils-43] Exported 'C:/Users/uxli/Documents/Tidalloft/tungsten-grid/ip_project/m_axi_full_adapter_sim/axi_vip_0_ex/axi_vip_0_ex.ip_user_files/sim_scripts/ex_sim/modelsim/sim_ipc_aximm_slave.h'
INFO: [SIM-utils-43] Exported 'C:/Users/uxli/Documents/Tidalloft/tungsten-grid/ip_project/m_axi_full_adapter_sim/axi_vip_0_ex/axi_vip_0_ex.ip_user_files/sim_scripts/ex_sim/modelsim/ex_sim_axi_vip_mst_0_sc.h'
INFO: [SIM-utils-43] Exported 'C:/Users/uxli/Documents/Tidalloft/tungsten-grid/ip_project/m_axi_full_adapter_sim/axi_vip_0_ex/axi_vip_0_ex.ip_user_files/sim_scripts/ex_sim/modelsim/ex_sim_axi_vip_mst_0.h'
INFO: [SIM-utils-43] Exported 'C:/Users/uxli/Documents/Tidalloft/tungsten-grid/ip_project/m_axi_full_adapter_sim/axi_vip_0_ex/axi_vip_0_ex.ip_user_files/sim_scripts/ex_sim/modelsim/axi_vip.h'
INFO: [SIM-utils-43] Exported 'C:/Users/uxli/Documents/Tidalloft/tungsten-grid/ip_project/m_axi_full_adapter_sim/axi_vip_0_ex/axi_vip_0_ex.ip_user_files/sim_scripts/ex_sim/modelsim/sim_ipc_aximm_master.h'
INFO: [SIM-utils-43] Exported 'C:/Users/uxli/Documents/Tidalloft/tungsten-grid/ip_project/m_axi_full_adapter_sim/axi_vip_0_ex/axi_vip_0_ex.ip_user_files/sim_scripts/ex_sim/modelsim/sim_ipc_aximm_slave.h'
INFO: [SIM-utils-43] Exported 'C:/Users/uxli/Documents/Tidalloft/tungsten-grid/ip_project/m_axi_full_adapter_sim/axi_vip_0_ex/axi_vip_0_ex.ip_user_files/sim_scripts/ex_sim/modelsim/ex_sim_axi_vip_passthrough_0_sc.h'
INFO: [SIM-utils-43] Exported 'C:/Users/uxli/Documents/Tidalloft/tungsten-grid/ip_project/m_axi_full_adapter_sim/axi_vip_0_ex/axi_vip_0_ex.ip_user_files/sim_scripts/ex_sim/modelsim/ex_sim_axi_vip_passthrough_0.h'
INFO: [SIM-utils-43] Exported 'C:/Users/uxli/Documents/Tidalloft/tungsten-grid/ip_project/m_axi_full_adapter_sim/axi_vip_0_ex/axi_vip_0_ex.ip_user_files/sim_scripts/ex_sim/modelsim/axi_vip.h'
INFO: [SIM-utils-43] Exported 'C:/Users/uxli/Documents/Tidalloft/tungsten-grid/ip_project/m_axi_full_adapter_sim/axi_vip_0_ex/axi_vip_0_ex.ip_user_files/sim_scripts/ex_sim/modelsim/sim_ipc_aximm_master.h'
INFO: [SIM-utils-43] Exported 'C:/Users/uxli/Documents/Tidalloft/tungsten-grid/ip_project/m_axi_full_adapter_sim/axi_vip_0_ex/axi_vip_0_ex.ip_user_files/sim_scripts/ex_sim/modelsim/sim_ipc_aximm_slave.h'
INFO: [SIM-utils-43] Exported 'C:/Users/uxli/Documents/Tidalloft/tungsten-grid/ip_project/m_axi_full_adapter_sim/axi_vip_0_ex/axi_vip_0_ex.ip_user_files/sim_scripts/ex_sim/modelsim/ex_sim_axi_vip_slv_0_sc.h'
INFO: [SIM-utils-43] Exported 'C:/Users/uxli/Documents/Tidalloft/tungsten-grid/ip_project/m_axi_full_adapter_sim/axi_vip_0_ex/axi_vip_0_ex.ip_user_files/sim_scripts/ex_sim/modelsim/ex_sim_axi_vip_slv_0.h'
INFO: [SIM-utils-43] Exported 'C:/Users/uxli/Documents/Tidalloft/tungsten-grid/ip_project/m_axi_full_adapter_sim/axi_vip_0_ex/axi_vip_0_ex.ip_user_files/sim_scripts/ex_sim/modelsim/ex_sim.bda'
INFO: [exportsim-Tcl-35] Exporting simulation files for "QUESTA" (Mentor Graphics Questa Advanced Simulator)...
INFO: [exportsim-Tcl-29] Script generated: 'C:/Users/uxli/Documents/Tidalloft/tungsten-grid/ip_project/m_axi_full_adapter_sim/axi_vip_0_ex/axi_vip_0_ex.ip_user_files/sim_scripts/ex_sim/questa/ex_sim.sh'
INFO: [SIM-utils-43] Exported 'C:/Users/uxli/Documents/Tidalloft/tungsten-grid/ip_project/m_axi_full_adapter_sim/axi_vip_0_ex/axi_vip_0_ex.ip_user_files/sim_scripts/ex_sim/questa/axi_vip.h'
INFO: [SIM-utils-43] Exported 'C:/Users/uxli/Documents/Tidalloft/tungsten-grid/ip_project/m_axi_full_adapter_sim/axi_vip_0_ex/axi_vip_0_ex.ip_user_files/sim_scripts/ex_sim/questa/sim_ipc_aximm_master.h'
INFO: [SIM-utils-43] Exported 'C:/Users/uxli/Documents/Tidalloft/tungsten-grid/ip_project/m_axi_full_adapter_sim/axi_vip_0_ex/axi_vip_0_ex.ip_user_files/sim_scripts/ex_sim/questa/sim_ipc_aximm_slave.h'
INFO: [SIM-utils-43] Exported 'C:/Users/uxli/Documents/Tidalloft/tungsten-grid/ip_project/m_axi_full_adapter_sim/axi_vip_0_ex/axi_vip_0_ex.ip_user_files/sim_scripts/ex_sim/questa/ex_sim_axi_vip_mst_0_sc.h'
INFO: [SIM-utils-43] Exported 'C:/Users/uxli/Documents/Tidalloft/tungsten-grid/ip_project/m_axi_full_adapter_sim/axi_vip_0_ex/axi_vip_0_ex.ip_user_files/sim_scripts/ex_sim/questa/ex_sim_axi_vip_mst_0.h'
INFO: [SIM-utils-43] Exported 'C:/Users/uxli/Documents/Tidalloft/tungsten-grid/ip_project/m_axi_full_adapter_sim/axi_vip_0_ex/axi_vip_0_ex.ip_user_files/sim_scripts/ex_sim/questa/axi_vip.h'
INFO: [SIM-utils-43] Exported 'C:/Users/uxli/Documents/Tidalloft/tungsten-grid/ip_project/m_axi_full_adapter_sim/axi_vip_0_ex/axi_vip_0_ex.ip_user_files/sim_scripts/ex_sim/questa/sim_ipc_aximm_master.h'
INFO: [SIM-utils-43] Exported 'C:/Users/uxli/Documents/Tidalloft/tungsten-grid/ip_project/m_axi_full_adapter_sim/axi_vip_0_ex/axi_vip_0_ex.ip_user_files/sim_scripts/ex_sim/questa/sim_ipc_aximm_slave.h'
INFO: [SIM-utils-43] Exported 'C:/Users/uxli/Documents/Tidalloft/tungsten-grid/ip_project/m_axi_full_adapter_sim/axi_vip_0_ex/axi_vip_0_ex.ip_user_files/sim_scripts/ex_sim/questa/ex_sim_axi_vip_passthrough_0_sc.h'
INFO: [SIM-utils-43] Exported 'C:/Users/uxli/Documents/Tidalloft/tungsten-grid/ip_project/m_axi_full_adapter_sim/axi_vip_0_ex/axi_vip_0_ex.ip_user_files/sim_scripts/ex_sim/questa/ex_sim_axi_vip_passthrough_0.h'
INFO: [SIM-utils-43] Exported 'C:/Users/uxli/Documents/Tidalloft/tungsten-grid/ip_project/m_axi_full_adapter_sim/axi_vip_0_ex/axi_vip_0_ex.ip_user_files/sim_scripts/ex_sim/questa/axi_vip.h'
INFO: [SIM-utils-43] Exported 'C:/Users/uxli/Documents/Tidalloft/tungsten-grid/ip_project/m_axi_full_adapter_sim/axi_vip_0_ex/axi_vip_0_ex.ip_user_files/sim_scripts/ex_sim/questa/sim_ipc_aximm_master.h'
INFO: [SIM-utils-43] Exported 'C:/Users/uxli/Documents/Tidalloft/tungsten-grid/ip_project/m_axi_full_adapter_sim/axi_vip_0_ex/axi_vip_0_ex.ip_user_files/sim_scripts/ex_sim/questa/sim_ipc_aximm_slave.h'
INFO: [SIM-utils-43] Exported 'C:/Users/uxli/Documents/Tidalloft/tungsten-grid/ip_project/m_axi_full_adapter_sim/axi_vip_0_ex/axi_vip_0_ex.ip_user_files/sim_scripts/ex_sim/questa/ex_sim_axi_vip_slv_0_sc.h'
INFO: [SIM-utils-43] Exported 'C:/Users/uxli/Documents/Tidalloft/tungsten-grid/ip_project/m_axi_full_adapter_sim/axi_vip_0_ex/axi_vip_0_ex.ip_user_files/sim_scripts/ex_sim/questa/ex_sim_axi_vip_slv_0.h'
INFO: [SIM-utils-43] Exported 'C:/Users/uxli/Documents/Tidalloft/tungsten-grid/ip_project/m_axi_full_adapter_sim/axi_vip_0_ex/axi_vip_0_ex.ip_user_files/sim_scripts/ex_sim/questa/ex_sim.bda'
INFO: [exportsim-Tcl-35] Exporting simulation files for "IES" (Cadence Incisive Enterprise Simulator)...
INFO: [exportsim-Tcl-29] Script generated: 'C:/Users/uxli/Documents/Tidalloft/tungsten-grid/ip_project/m_axi_full_adapter_sim/axi_vip_0_ex/axi_vip_0_ex.ip_user_files/sim_scripts/ex_sim/ies/ex_sim.sh'
INFO: [SIM-utils-43] Exported 'C:/Users/uxli/Documents/Tidalloft/tungsten-grid/ip_project/m_axi_full_adapter_sim/axi_vip_0_ex/axi_vip_0_ex.ip_user_files/sim_scripts/ex_sim/ies/axi_vip.h'
INFO: [SIM-utils-43] Exported 'C:/Users/uxli/Documents/Tidalloft/tungsten-grid/ip_project/m_axi_full_adapter_sim/axi_vip_0_ex/axi_vip_0_ex.ip_user_files/sim_scripts/ex_sim/ies/sim_ipc_aximm_master.h'
INFO: [SIM-utils-43] Exported 'C:/Users/uxli/Documents/Tidalloft/tungsten-grid/ip_project/m_axi_full_adapter_sim/axi_vip_0_ex/axi_vip_0_ex.ip_user_files/sim_scripts/ex_sim/ies/sim_ipc_aximm_slave.h'
INFO: [SIM-utils-43] Exported 'C:/Users/uxli/Documents/Tidalloft/tungsten-grid/ip_project/m_axi_full_adapter_sim/axi_vip_0_ex/axi_vip_0_ex.ip_user_files/sim_scripts/ex_sim/ies/ex_sim_axi_vip_mst_0_sc.h'
INFO: [SIM-utils-43] Exported 'C:/Users/uxli/Documents/Tidalloft/tungsten-grid/ip_project/m_axi_full_adapter_sim/axi_vip_0_ex/axi_vip_0_ex.ip_user_files/sim_scripts/ex_sim/ies/ex_sim_axi_vip_mst_0.h'
INFO: [SIM-utils-43] Exported 'C:/Users/uxli/Documents/Tidalloft/tungsten-grid/ip_project/m_axi_full_adapter_sim/axi_vip_0_ex/axi_vip_0_ex.ip_user_files/sim_scripts/ex_sim/ies/axi_vip.h'
INFO: [SIM-utils-43] Exported 'C:/Users/uxli/Documents/Tidalloft/tungsten-grid/ip_project/m_axi_full_adapter_sim/axi_vip_0_ex/axi_vip_0_ex.ip_user_files/sim_scripts/ex_sim/ies/sim_ipc_aximm_master.h'
INFO: [SIM-utils-43] Exported 'C:/Users/uxli/Documents/Tidalloft/tungsten-grid/ip_project/m_axi_full_adapter_sim/axi_vip_0_ex/axi_vip_0_ex.ip_user_files/sim_scripts/ex_sim/ies/sim_ipc_aximm_slave.h'
INFO: [SIM-utils-43] Exported 'C:/Users/uxli/Documents/Tidalloft/tungsten-grid/ip_project/m_axi_full_adapter_sim/axi_vip_0_ex/axi_vip_0_ex.ip_user_files/sim_scripts/ex_sim/ies/ex_sim_axi_vip_passthrough_0_sc.h'
INFO: [SIM-utils-43] Exported 'C:/Users/uxli/Documents/Tidalloft/tungsten-grid/ip_project/m_axi_full_adapter_sim/axi_vip_0_ex/axi_vip_0_ex.ip_user_files/sim_scripts/ex_sim/ies/ex_sim_axi_vip_passthrough_0.h'
INFO: [SIM-utils-43] Exported 'C:/Users/uxli/Documents/Tidalloft/tungsten-grid/ip_project/m_axi_full_adapter_sim/axi_vip_0_ex/axi_vip_0_ex.ip_user_files/sim_scripts/ex_sim/ies/axi_vip.h'
INFO: [SIM-utils-43] Exported 'C:/Users/uxli/Documents/Tidalloft/tungsten-grid/ip_project/m_axi_full_adapter_sim/axi_vip_0_ex/axi_vip_0_ex.ip_user_files/sim_scripts/ex_sim/ies/sim_ipc_aximm_master.h'
INFO: [SIM-utils-43] Exported 'C:/Users/uxli/Documents/Tidalloft/tungsten-grid/ip_project/m_axi_full_adapter_sim/axi_vip_0_ex/axi_vip_0_ex.ip_user_files/sim_scripts/ex_sim/ies/sim_ipc_aximm_slave.h'
INFO: [SIM-utils-43] Exported 'C:/Users/uxli/Documents/Tidalloft/tungsten-grid/ip_project/m_axi_full_adapter_sim/axi_vip_0_ex/axi_vip_0_ex.ip_user_files/sim_scripts/ex_sim/ies/ex_sim_axi_vip_slv_0_sc.h'
INFO: [SIM-utils-43] Exported 'C:/Users/uxli/Documents/Tidalloft/tungsten-grid/ip_project/m_axi_full_adapter_sim/axi_vip_0_ex/axi_vip_0_ex.ip_user_files/sim_scripts/ex_sim/ies/ex_sim_axi_vip_slv_0.h'
INFO: [SIM-utils-43] Exported 'C:/Users/uxli/Documents/Tidalloft/tungsten-grid/ip_project/m_axi_full_adapter_sim/axi_vip_0_ex/axi_vip_0_ex.ip_user_files/sim_scripts/ex_sim/ies/ex_sim.bda'
INFO: [exportsim-Tcl-35] Exporting simulation files for "XCELIUM" (Cadence Xcelium Parallel Simulator)...
INFO: [exportsim-Tcl-29] Script generated: 'C:/Users/uxli/Documents/Tidalloft/tungsten-grid/ip_project/m_axi_full_adapter_sim/axi_vip_0_ex/axi_vip_0_ex.ip_user_files/sim_scripts/ex_sim/xcelium/ex_sim.sh'
INFO: [SIM-utils-43] Exported 'C:/Users/uxli/Documents/Tidalloft/tungsten-grid/ip_project/m_axi_full_adapter_sim/axi_vip_0_ex/axi_vip_0_ex.ip_user_files/sim_scripts/ex_sim/xcelium/axi_vip.h'
INFO: [SIM-utils-43] Exported 'C:/Users/uxli/Documents/Tidalloft/tungsten-grid/ip_project/m_axi_full_adapter_sim/axi_vip_0_ex/axi_vip_0_ex.ip_user_files/sim_scripts/ex_sim/xcelium/sim_ipc_aximm_master.h'
INFO: [SIM-utils-43] Exported 'C:/Users/uxli/Documents/Tidalloft/tungsten-grid/ip_project/m_axi_full_adapter_sim/axi_vip_0_ex/axi_vip_0_ex.ip_user_files/sim_scripts/ex_sim/xcelium/sim_ipc_aximm_slave.h'
INFO: [SIM-utils-43] Exported 'C:/Users/uxli/Documents/Tidalloft/tungsten-grid/ip_project/m_axi_full_adapter_sim/axi_vip_0_ex/axi_vip_0_ex.ip_user_files/sim_scripts/ex_sim/xcelium/ex_sim_axi_vip_mst_0_sc.h'
INFO: [SIM-utils-43] Exported 'C:/Users/uxli/Documents/Tidalloft/tungsten-grid/ip_project/m_axi_full_adapter_sim/axi_vip_0_ex/axi_vip_0_ex.ip_user_files/sim_scripts/ex_sim/xcelium/ex_sim_axi_vip_mst_0.h'
INFO: [SIM-utils-43] Exported 'C:/Users/uxli/Documents/Tidalloft/tungsten-grid/ip_project/m_axi_full_adapter_sim/axi_vip_0_ex/axi_vip_0_ex.ip_user_files/sim_scripts/ex_sim/xcelium/axi_vip.h'
INFO: [SIM-utils-43] Exported 'C:/Users/uxli/Documents/Tidalloft/tungsten-grid/ip_project/m_axi_full_adapter_sim/axi_vip_0_ex/axi_vip_0_ex.ip_user_files/sim_scripts/ex_sim/xcelium/sim_ipc_aximm_master.h'
INFO: [SIM-utils-43] Exported 'C:/Users/uxli/Documents/Tidalloft/tungsten-grid/ip_project/m_axi_full_adapter_sim/axi_vip_0_ex/axi_vip_0_ex.ip_user_files/sim_scripts/ex_sim/xcelium/sim_ipc_aximm_slave.h'
INFO: [SIM-utils-43] Exported 'C:/Users/uxli/Documents/Tidalloft/tungsten-grid/ip_project/m_axi_full_adapter_sim/axi_vip_0_ex/axi_vip_0_ex.ip_user_files/sim_scripts/ex_sim/xcelium/ex_sim_axi_vip_passthrough_0_sc.h'
INFO: [SIM-utils-43] Exported 'C:/Users/uxli/Documents/Tidalloft/tungsten-grid/ip_project/m_axi_full_adapter_sim/axi_vip_0_ex/axi_vip_0_ex.ip_user_files/sim_scripts/ex_sim/xcelium/ex_sim_axi_vip_passthrough_0.h'
INFO: [SIM-utils-43] Exported 'C:/Users/uxli/Documents/Tidalloft/tungsten-grid/ip_project/m_axi_full_adapter_sim/axi_vip_0_ex/axi_vip_0_ex.ip_user_files/sim_scripts/ex_sim/xcelium/axi_vip.h'
INFO: [SIM-utils-43] Exported 'C:/Users/uxli/Documents/Tidalloft/tungsten-grid/ip_project/m_axi_full_adapter_sim/axi_vip_0_ex/axi_vip_0_ex.ip_user_files/sim_scripts/ex_sim/xcelium/sim_ipc_aximm_master.h'
INFO: [SIM-utils-43] Exported 'C:/Users/uxli/Documents/Tidalloft/tungsten-grid/ip_project/m_axi_full_adapter_sim/axi_vip_0_ex/axi_vip_0_ex.ip_user_files/sim_scripts/ex_sim/xcelium/sim_ipc_aximm_slave.h'
INFO: [SIM-utils-43] Exported 'C:/Users/uxli/Documents/Tidalloft/tungsten-grid/ip_project/m_axi_full_adapter_sim/axi_vip_0_ex/axi_vip_0_ex.ip_user_files/sim_scripts/ex_sim/xcelium/ex_sim_axi_vip_slv_0_sc.h'
INFO: [SIM-utils-43] Exported 'C:/Users/uxli/Documents/Tidalloft/tungsten-grid/ip_project/m_axi_full_adapter_sim/axi_vip_0_ex/axi_vip_0_ex.ip_user_files/sim_scripts/ex_sim/xcelium/ex_sim_axi_vip_slv_0.h'
INFO: [SIM-utils-43] Exported 'C:/Users/uxli/Documents/Tidalloft/tungsten-grid/ip_project/m_axi_full_adapter_sim/axi_vip_0_ex/axi_vip_0_ex.ip_user_files/sim_scripts/ex_sim/xcelium/ex_sim.bda'
INFO: [exportsim-Tcl-35] Exporting simulation files for "VCS" (Synopsys Verilog Compiler Simulator)...
INFO: [exportsim-Tcl-29] Script generated: 'C:/Users/uxli/Documents/Tidalloft/tungsten-grid/ip_project/m_axi_full_adapter_sim/axi_vip_0_ex/axi_vip_0_ex.ip_user_files/sim_scripts/ex_sim/vcs/ex_sim.sh'
INFO: [SIM-utils-43] Exported 'C:/Users/uxli/Documents/Tidalloft/tungsten-grid/ip_project/m_axi_full_adapter_sim/axi_vip_0_ex/axi_vip_0_ex.ip_user_files/sim_scripts/ex_sim/vcs/axi_vip.h'
INFO: [SIM-utils-43] Exported 'C:/Users/uxli/Documents/Tidalloft/tungsten-grid/ip_project/m_axi_full_adapter_sim/axi_vip_0_ex/axi_vip_0_ex.ip_user_files/sim_scripts/ex_sim/vcs/sim_ipc_aximm_master.h'
INFO: [SIM-utils-43] Exported 'C:/Users/uxli/Documents/Tidalloft/tungsten-grid/ip_project/m_axi_full_adapter_sim/axi_vip_0_ex/axi_vip_0_ex.ip_user_files/sim_scripts/ex_sim/vcs/sim_ipc_aximm_slave.h'
INFO: [SIM-utils-43] Exported 'C:/Users/uxli/Documents/Tidalloft/tungsten-grid/ip_project/m_axi_full_adapter_sim/axi_vip_0_ex/axi_vip_0_ex.ip_user_files/sim_scripts/ex_sim/vcs/ex_sim_axi_vip_mst_0_sc.h'
INFO: [SIM-utils-43] Exported 'C:/Users/uxli/Documents/Tidalloft/tungsten-grid/ip_project/m_axi_full_adapter_sim/axi_vip_0_ex/axi_vip_0_ex.ip_user_files/sim_scripts/ex_sim/vcs/ex_sim_axi_vip_mst_0.h'
INFO: [SIM-utils-43] Exported 'C:/Users/uxli/Documents/Tidalloft/tungsten-grid/ip_project/m_axi_full_adapter_sim/axi_vip_0_ex/axi_vip_0_ex.ip_user_files/sim_scripts/ex_sim/vcs/axi_vip.h'
INFO: [SIM-utils-43] Exported 'C:/Users/uxli/Documents/Tidalloft/tungsten-grid/ip_project/m_axi_full_adapter_sim/axi_vip_0_ex/axi_vip_0_ex.ip_user_files/sim_scripts/ex_sim/vcs/sim_ipc_aximm_master.h'
INFO: [SIM-utils-43] Exported 'C:/Users/uxli/Documents/Tidalloft/tungsten-grid/ip_project/m_axi_full_adapter_sim/axi_vip_0_ex/axi_vip_0_ex.ip_user_files/sim_scripts/ex_sim/vcs/sim_ipc_aximm_slave.h'
INFO: [SIM-utils-43] Exported 'C:/Users/uxli/Documents/Tidalloft/tungsten-grid/ip_project/m_axi_full_adapter_sim/axi_vip_0_ex/axi_vip_0_ex.ip_user_files/sim_scripts/ex_sim/vcs/ex_sim_axi_vip_passthrough_0_sc.h'
INFO: [SIM-utils-43] Exported 'C:/Users/uxli/Documents/Tidalloft/tungsten-grid/ip_project/m_axi_full_adapter_sim/axi_vip_0_ex/axi_vip_0_ex.ip_user_files/sim_scripts/ex_sim/vcs/ex_sim_axi_vip_passthrough_0.h'
INFO: [SIM-utils-43] Exported 'C:/Users/uxli/Documents/Tidalloft/tungsten-grid/ip_project/m_axi_full_adapter_sim/axi_vip_0_ex/axi_vip_0_ex.ip_user_files/sim_scripts/ex_sim/vcs/axi_vip.h'
INFO: [SIM-utils-43] Exported 'C:/Users/uxli/Documents/Tidalloft/tungsten-grid/ip_project/m_axi_full_adapter_sim/axi_vip_0_ex/axi_vip_0_ex.ip_user_files/sim_scripts/ex_sim/vcs/sim_ipc_aximm_master.h'
INFO: [SIM-utils-43] Exported 'C:/Users/uxli/Documents/Tidalloft/tungsten-grid/ip_project/m_axi_full_adapter_sim/axi_vip_0_ex/axi_vip_0_ex.ip_user_files/sim_scripts/ex_sim/vcs/sim_ipc_aximm_slave.h'
INFO: [SIM-utils-43] Exported 'C:/Users/uxli/Documents/Tidalloft/tungsten-grid/ip_project/m_axi_full_adapter_sim/axi_vip_0_ex/axi_vip_0_ex.ip_user_files/sim_scripts/ex_sim/vcs/ex_sim_axi_vip_slv_0_sc.h'
INFO: [SIM-utils-43] Exported 'C:/Users/uxli/Documents/Tidalloft/tungsten-grid/ip_project/m_axi_full_adapter_sim/axi_vip_0_ex/axi_vip_0_ex.ip_user_files/sim_scripts/ex_sim/vcs/ex_sim_axi_vip_slv_0.h'
INFO: [SIM-utils-43] Exported 'C:/Users/uxli/Documents/Tidalloft/tungsten-grid/ip_project/m_axi_full_adapter_sim/axi_vip_0_ex/axi_vip_0_ex.ip_user_files/sim_scripts/ex_sim/vcs/ex_sim.bda'
INFO: [exportsim-Tcl-35] Exporting simulation files for "RIVIERA" (Aldec Riviera-PRO Simulator)...
INFO: [exportsim-Tcl-29] Script generated: 'C:/Users/uxli/Documents/Tidalloft/tungsten-grid/ip_project/m_axi_full_adapter_sim/axi_vip_0_ex/axi_vip_0_ex.ip_user_files/sim_scripts/ex_sim/riviera/ex_sim.sh'
INFO: [SIM-utils-43] Exported 'C:/Users/uxli/Documents/Tidalloft/tungsten-grid/ip_project/m_axi_full_adapter_sim/axi_vip_0_ex/axi_vip_0_ex.ip_user_files/sim_scripts/ex_sim/riviera/axi_vip.h'
INFO: [SIM-utils-43] Exported 'C:/Users/uxli/Documents/Tidalloft/tungsten-grid/ip_project/m_axi_full_adapter_sim/axi_vip_0_ex/axi_vip_0_ex.ip_user_files/sim_scripts/ex_sim/riviera/sim_ipc_aximm_master.h'
INFO: [SIM-utils-43] Exported 'C:/Users/uxli/Documents/Tidalloft/tungsten-grid/ip_project/m_axi_full_adapter_sim/axi_vip_0_ex/axi_vip_0_ex.ip_user_files/sim_scripts/ex_sim/riviera/sim_ipc_aximm_slave.h'
INFO: [SIM-utils-43] Exported 'C:/Users/uxli/Documents/Tidalloft/tungsten-grid/ip_project/m_axi_full_adapter_sim/axi_vip_0_ex/axi_vip_0_ex.ip_user_files/sim_scripts/ex_sim/riviera/ex_sim_axi_vip_mst_0_sc.h'
INFO: [Common 17-14] Message 'SIM-utils 43' appears 100 times and further instances of the messages will be disabled. Use the Tcl command set_msg_config to change the current settings.
INFO: [exportsim-Tcl-35] Exporting simulation files for "ACTIVEHDL" (Aldec Active-HDL Simulator)...
INFO: [exportsim-Tcl-29] Script generated: 'C:/Users/uxli/Documents/Tidalloft/tungsten-grid/ip_project/m_axi_full_adapter_sim/axi_vip_0_ex/axi_vip_0_ex.ip_user_files/sim_scripts/ex_sim/activehdl/ex_sim.sh'
export_ip_user_files: Time (s): cpu = 00:00:03 ; elapsed = 00:00:09 . Memory (MB): peak = 1539.340 ; gain = 0.000
INFO: [open_example_project] Open Example Project completed
update_compile_order -fileset sources_1
exit
INFO: [Common 17-206] Exiting Vivado at Fri Aug  6 19:53:33 2021...
